<?xml version="1.0" encoding="UTF-8"?>
<testng-results ignored="0" total="1" passed="1" failed="0" skipped="0">
  <reporter-output>
  </reporter-output>
  <suite started-at="2022-08-05T22:33:16 WIB" name="Default suite" finished-at="2022-08-05T22:33:38 WIB" duration-ms="22319">
    <groups>
      <group name="cucumber">
        <method signature="AbstractTestNGCucumberTests.runScenario(io.cucumber.testng.PickleWrapper,io.cucumber.testng.FeatureWrapper)[pri:0, instance:com.test1.runtest.RunTest@44ebcd03]" name="runScenario" class="io.cucumber.testng.AbstractTestNGCucumberTests"/>
      </group> <!-- cucumber -->
    </groups>
    <test started-at="2022-08-05T22:33:16 WIB" name="Default test" finished-at="2022-08-05T22:33:38 WIB" duration-ms="22319">
      <class name="com.test1.runtest.RunTest">
        <test-method is-config="true" signature="setUpClass(org.testng.ITestContext)[pri:0, instance:com.test1.runtest.RunTest@44ebcd03]" started-at="2022-08-05T22:33:16 WIB" name="setUpClass" finished-at="2022-08-05T22:33:17 WIB" duration-ms="530" status="PASS">
          <params>
            <param index="0">
              <value>
                <![CDATA[org.testng.TestRunner@3ddc6915]]>
              </value>
            </param>
          </params>
          <reporter-output>
          </reporter-output>
        </test-method> <!-- setUpClass -->
        <test-method signature="runScenario(io.cucumber.testng.PickleWrapper,io.cucumber.testng.FeatureWrapper)[pri:0, instance:com.test1.runtest.RunTest@44ebcd03]" started-at="2022-08-05T22:33:17 WIB" name="runScenario" description="Runs Cucumber Scenarios" data-provider="scenarios" finished-at="2022-08-05T22:33:38 WIB" duration-ms="21693" status="PASS">
          <params>
            <param index="0">
              <value>
                <![CDATA["Check Palindrome Text"]]>
              </value>
            </param>
            <param index="1">
              <value>
                <![CDATA["Palindrome"]]>
              </value>
            </param>
          </params>
          <reporter-output>
          </reporter-output>
        </test-method> <!-- runScenario -->
        <test-method is-config="true" signature="tearDownClass()[pri:0, instance:com.test1.runtest.RunTest@44ebcd03]" started-at="2022-08-05T22:33:38 WIB" name="tearDownClass" finished-at="2022-08-05T22:33:38 WIB" duration-ms="13" status="PASS">
          <reporter-output>
          </reporter-output>
        </test-method> <!-- tearDownClass -->
      </class> <!-- com.test1.runtest.RunTest -->
    </test> <!-- Default test -->
  </suite> <!-- Default suite -->
</testng-results>
